<?xml version="1.0" encoding="UTF-8"?>
<!-- Generated by org.testng.reporters.JUnitReportReporter -->
<testsuite skipped="0" hostname="DESKTOP-LTR6NOB" name="abc.com.RestAssureCore.LoginTest" tests="1" failures="0" timestamp="23 Dec 2018 08:45:25 GMT" time="2.458" errors="0">
  <testcase name="doLogin" time="2.458" classname="abc.com.RestAssureCore.LoginTest"/>
</testsuite> <!-- abc.com.RestAssureCore.LoginTest -->
